TN:
SF:src/cloudron-client.ts
FN:20,(anonymous_0)
FN:39,(anonymous_1)
FN:48,(anonymous_2)
FN:108,(anonymous_3)
FN:119,(anonymous_4)
FN:130,(anonymous_5)
FNF:6
FNH:3
FNDA:7,(anonymous_0)
FNDA:5,(anonymous_1)
FNDA:0,(anonymous_2)
FNDA:5,(anonymous_3)
FNDA:0,(anonymous_4)
FNDA:0,(anonymous_5)
DA:8,1
DA:10,1
DA:12,1
DA:21,7
DA:22,7
DA:24,7
DA:25,1
DA:27,6
DA:28,1
DA:31,5
DA:32,5
DA:45,5
DA:46,5
DA:47,5
DA:48,5
DA:50,5
DA:51,5
DA:61,5
DA:62,0
DA:65,5
DA:67,4
DA:69,4
DA:70,2
DA:71,2
DA:73,2
DA:74,2
DA:75,2
DA:80,2
DA:83,2
DA:85,3
DA:87,3
DA:88,2
DA:91,1
DA:92,1
DA:93,0
DA:95,1
DA:98,0
DA:109,5
DA:110,2
DA:120,0
DA:121,0
DA:123,0
DA:131,0
LF:43
LH:36
BRDA:21,0,0,7
BRDA:21,0,1,7
BRDA:22,1,0,7
BRDA:22,1,1,7
BRDA:24,2,0,1
BRDA:24,2,1,6
BRDA:27,3,0,1
BRDA:27,3,1,5
BRDA:46,4,0,5
BRDA:46,4,1,5
BRDA:61,5,0,0
BRDA:61,5,1,5
BRDA:69,6,0,2
BRDA:69,6,1,2
BRDA:75,7,0,2
BRDA:75,7,1,0
BRDA:87,8,0,2
BRDA:87,8,1,1
BRDA:91,9,0,1
BRDA:91,9,1,0
BRDA:92,10,0,0
BRDA:92,10,1,1
BRDA:120,11,0,0
BRDA:120,11,1,0
BRF:24
BRH:18
end_of_record
TN:
SF:src/errors.ts
FN:11,(anonymous_0)
FN:28,(anonymous_1)
FN:36,(anonymous_2)
FN:49,isCloudronError
FN:57,createErrorFromStatus
FNF:5
FNH:3
FNDA:5,(anonymous_0)
FNDA:0,(anonymous_1)
FNDA:1,(anonymous_2)
FNDA:0,isCloudronError
FNDA:2,createErrorFromStatus
DA:7,1
DA:12,5
DA:13,5
DA:14,5
DA:15,5
DA:18,5
DA:19,5
DA:29,0
DA:30,0
DA:35,1
DA:40,1
DA:41,1
DA:49,1
DA:50,0
DA:57,1
DA:61,2
DA:62,1
DA:64,1
LF:18
LH:15
BRDA:14,0,0,5
BRDA:14,0,1,3
BRDA:15,1,0,5
BRDA:15,1,1,3
BRDA:18,2,0,5
BRDA:18,2,1,0
BRDA:29,3,0,0
BRDA:29,3,1,0
BRDA:30,4,0,0
BRDA:30,4,1,0
BRDA:37,5,0,0
BRDA:38,6,0,0
BRDA:61,7,0,1
BRDA:61,7,1,1
BRDA:61,8,0,2
BRDA:61,8,1,1
BRF:16
BRH:9
end_of_record
