TN:
SF:src/cloudron-client.ts
FN:20,(anonymous_0)
FN:39,(anonymous_1)
FN:48,(anonymous_2)
FN:108,(anonymous_3)
FN:119,(anonymous_4)
FN:130,(anonymous_5)
FN:139,(anonymous_6)
FN:144,(anonymous_7)
FN:156,(anonymous_8)
FN:161,(anonymous_9)
FN:178,(anonymous_10)
FN:187,(anonymous_11)
FN:199,(anonymous_12)
FN:211,(anonymous_13)
FN:223,(anonymous_14)
FN:234,(anonymous_15)
FN:247,(anonymous_16)
FN:284,(anonymous_17)
FN:322,(anonymous_18)
FN:357,(anonymous_19)
FN:375,(anonymous_20)
FN:415,isCloudronError
FNF:22
FNH:21
FNDA:83,(anonymous_0)
FNDA:75,(anonymous_1)
FNDA:0,(anonymous_2)
FNDA:5,(anonymous_3)
FNDA:9,(anonymous_4)
FNDA:13,(anonymous_5)
FNDA:9,(anonymous_6)
FNDA:7,(anonymous_7)
FNDA:6,(anonymous_8)
FNDA:9,(anonymous_9)
FNDA:8,(anonymous_10)
FNDA:6,(anonymous_11)
FNDA:7,(anonymous_12)
FNDA:6,(anonymous_13)
FNDA:6,(anonymous_14)
FNDA:10,(anonymous_15)
FNDA:13,(anonymous_16)
FNDA:15,(anonymous_17)
FNDA:7,(anonymous_18)
FNDA:2,(anonymous_19)
FNDA:4,(anonymous_20)
FNDA:2,isCloudronError
DA:8,8
DA:10,8
DA:12,8
DA:21,83
DA:22,83
DA:24,83
DA:25,3
DA:27,80
DA:28,3
DA:31,77
DA:32,77
DA:45,75
DA:46,75
DA:47,75
DA:48,75
DA:50,75
DA:51,75
DA:61,75
DA:62,0
DA:65,75
DA:67,69
DA:69,69
DA:70,18
DA:71,18
DA:73,18
DA:74,18
DA:75,18
DA:80,18
DA:83,50
DA:85,25
DA:87,25
DA:88,18
DA:91,7
DA:92,7
DA:93,0
DA:95,7
DA:98,0
DA:109,5
DA:110,2
DA:120,9
DA:121,0
DA:123,9
DA:131,13
DA:140,9
DA:143,5
DA:144,5
DA:145,7
DA:146,7
DA:147,7
DA:157,6
DA:160,3
DA:161,3
DA:163,9
DA:164,9
DA:165,9
DA:168,2
DA:179,8
DA:183,8
DA:186,6
DA:187,6
DA:188,6
DA:189,6
DA:190,6
DA:200,7
DA:201,1
DA:203,6
DA:212,6
DA:213,1
DA:215,5
DA:224,6
DA:225,1
DA:227,5
DA:235,10
DA:236,1
DA:238,9
DA:248,13
DA:250,10
DA:251,1
DA:255,9
DA:256,9
DA:257,9
DA:260,9
DA:263,9
DA:266,9
DA:268,9
DA:285,15
DA:286,1
DA:289,14
DA:296,14
DA:298,7
DA:299,7
DA:301,2
DA:302,2
DA:304,4
DA:305,4
DA:307,1
DA:311,13
DA:312,4
DA:315,13
DA:323,7
DA:325,7
DA:328,5
DA:329,2
DA:333,5
DA:337,5
DA:342,5
DA:345,2
DA:346,2
DA:348,0
DA:365,2
DA:366,2
DA:367,2
DA:368,2
DA:379,4
DA:382,4
DA:383,4
DA:385,4
DA:386,1
DA:389,4
DA:390,2
DA:391,2
DA:392,0
DA:398,4
DA:399,4
DA:400,4
DA:403,0
DA:404,0
DA:406,0
DA:416,2
LF:129
LH:120
BRDA:21,0,0,83
BRDA:21,0,1,64
BRDA:22,1,0,83
BRDA:22,1,1,64
BRDA:24,2,0,3
BRDA:24,2,1,80
BRDA:27,3,0,3
BRDA:27,3,1,77
BRDA:46,4,0,75
BRDA:46,4,1,75
BRDA:61,5,0,0
BRDA:61,5,1,75
BRDA:69,6,0,18
BRDA:69,6,1,50
BRDA:75,7,0,18
BRDA:75,7,1,0
BRDA:87,8,0,18
BRDA:87,8,1,7
BRDA:91,9,0,7
BRDA:91,9,1,0
BRDA:92,10,0,0
BRDA:92,10,1,7
BRDA:120,11,0,0
BRDA:120,11,1,9
BRDA:143,12,0,5
BRDA:143,12,1,0
BRDA:160,13,0,3
BRDA:160,13,1,0
BRDA:165,14,0,7
BRDA:165,14,1,2
BRDA:179,15,0,6
BRDA:179,15,1,2
BRDA:186,16,0,6
BRDA:186,16,1,0
BRDA:188,17,0,6
BRDA:188,17,1,0
BRDA:189,18,0,6
BRDA:189,18,1,0
BRDA:200,19,0,1
BRDA:200,19,1,6
BRDA:212,20,0,1
BRDA:212,20,1,5
BRDA:224,21,0,1
BRDA:224,21,1,5
BRDA:235,22,0,1
BRDA:235,22,1,9
BRDA:250,23,0,1
BRDA:250,23,1,9
BRDA:260,24,0,6
BRDA:260,24,1,3
BRDA:285,25,0,1
BRDA:285,25,1,14
BRDA:296,26,0,7
BRDA:296,26,1,2
BRDA:296,26,2,4
BRDA:296,26,3,1
BRDA:311,27,0,4
BRDA:311,27,1,9
BRDA:328,28,0,2
BRDA:328,28,1,3
BRDA:345,29,0,2
BRDA:345,29,1,0
BRDA:345,30,0,2
BRDA:345,30,1,2
BRDA:385,31,0,1
BRDA:385,31,1,3
BRDA:389,32,0,2
BRDA:389,32,1,2
BRDA:391,33,0,0
BRDA:391,33,1,2
BRDA:403,34,0,0
BRDA:403,34,1,0
BRF:72
BRH:58
end_of_record
TN:
SF:src/errors.ts
FN:11,(anonymous_0)
FN:28,(anonymous_1)
FN:36,(anonymous_2)
FN:49,isCloudronError
FN:57,createErrorFromStatus
FNF:5
FNH:3
FNDA:38,(anonymous_0)
FNDA:0,(anonymous_1)
FNDA:6,(anonymous_2)
FNDA:0,isCloudronError
FNDA:18,createErrorFromStatus
DA:7,8
DA:12,38
DA:13,38
DA:14,38
DA:15,38
DA:18,38
DA:19,38
DA:29,0
DA:30,0
DA:35,8
DA:40,6
DA:41,6
DA:49,8
DA:50,0
DA:57,8
DA:61,18
DA:62,6
DA:64,12
LF:18
LH:15
BRDA:14,0,0,38
BRDA:14,0,1,20
BRDA:15,1,0,38
BRDA:15,1,1,25
BRDA:18,2,0,38
BRDA:18,2,1,0
BRDA:29,3,0,0
BRDA:29,3,1,0
BRDA:30,4,0,0
BRDA:30,4,1,0
BRDA:37,5,0,0
BRDA:38,6,0,0
BRDA:61,7,0,6
BRDA:61,7,1,12
BRDA:61,8,0,18
BRDA:61,8,1,12
BRF:16
BRH:9
end_of_record
